Using pre-set license
Built from '2020.3/staging' branch; Version is '2020.3.28f1 (f5400f52e03f) revision 16072719'; Using compiler version '192528614'; Build Type 'Release'
OS: 'Windows 10  (10.0.19043) 64bit Professional' Language: 'cs' Physical Memory: 7879 MB
BatchMode: 1, IsHumanControllingUs: 0, StartBugReporterOnCrash: 0, Is64bit: 1, IsPro: 0

COMMAND LINE ARGUMENTS:
C:\Program Files\Unity\Hub\Editor\2020.3.28f1\Editor\Unity.exe
-adb2
-batchMode
-noUpm
-name
AssetImportWorker0
-projectPath
C:/Users/U탑ivatel/TD game
-logFile
Logs/AssetImportWorker0.log
-srvPort
53172
Successfully changed project path to: C:/Users/U탑ivatel/TD game
C:/Users/U탑ivatel/TD game
Using Asset Import Pipeline V2.
Refreshing native plugins compatible for Editor in 45.81 ms, found 2 plugins.
Preloading 0 native plugins for Editor in 0.00 ms.
Initialize engine version: 2020.3.28f1 (f5400f52e03f)
[Subsystems] Discovering subsystems at path C:/Program Files/Unity/Hub/Editor/2020.3.28f1/Editor/Data/Resources/UnitySubsystems
[Subsystems] Discovering subsystems at path C:/Users/U탑ivatel/TD game/Assets
GfxDevice: creating device client; threaded=0
Direct3D:
    Version:  Direct3D 11.0 [level 11.1]
    Renderer: Intel(R) UHD Graphics 630 (ID=0x3e91)
    Vendor:   
    VRAM:     3939 MB
    Driver:   27.20.100.8682
Initialize mono
Mono path[0] = 'C:/Program Files/Unity/Hub/Editor/2020.3.28f1/Editor/Data/Managed'
Mono path[1] = 'C:/Program Files/Unity/Hub/Editor/2020.3.28f1/Editor/Data/MonoBleedingEdge/lib/mono/unityjit'
Mono config path = 'C:/Program Files/Unity/Hub/Editor/2020.3.28f1/Editor/Data/MonoBleedingEdge/etc'
Using monoOptions --debugger-agent=transport=dt_socket,embedding=1,server=y,suspend=n,address=127.0.0.1:56620
Begin MonoManager ReloadAssembly
Registering precompiled unity dll's ...
Register platform support module: C:/Program Files/Unity/Hub/Editor/2020.3.28f1/Editor/Data/PlaybackEngines/WebGLSupport/UnityEditor.WebGL.Extensions.dll
Register platform support module: C:/Program Files/Unity/Hub/Editor/2020.3.28f1/Editor/Data/PlaybackEngines/WindowsStandaloneSupport/UnityEditor.WindowsStandalone.Extensions.dll
Registered in 0.002543 seconds.
Native extension for WindowsStandalone target not found
Native extension for WebGL target not found
Refreshing native plugins compatible for Editor in 48.09 ms, found 2 plugins.
Preloading 0 native plugins for Editor in 0.00 ms.
Mono: successfully reloaded assembly
- Completed reload, in  0.579 seconds
Domain Reload Profiling:
	ReloadAssembly (579ms)
		BeginReloadAssembly (67ms)
			ExecutionOrderSort (0ms)
			DisableScriptedObjects (0ms)
			BackupInstance (0ms)
			ReleaseScriptingObjects (0ms)
			CreateAndSetChildDomain (1ms)
		EndReloadAssembly (443ms)
			LoadAssemblies (65ms)
			RebuildTransferFunctionScriptingTraits (0ms)
			SetupTypeCache (142ms)
			ReleaseScriptCaches (0ms)
			RebuildScriptCaches (32ms)
			SetupLoadedEditorAssemblies (178ms)
				LogAssemblyErrors (0ms)
				InitializePlatformSupportModulesInManaged (6ms)
				SetLoadedEditorAssemblies (0ms)
				RefreshPlugins (48ms)
				BeforeProcessingInitializeOnLoad (15ms)
				ProcessInitializeOnLoadAttributes (83ms)
				ProcessInitializeOnLoadMethodAttributes (26ms)
				AfterProcessingInitializeOnLoad (0ms)
				EditorAssembliesLoaded (0ms)
			ExecutionOrderSort2 (0ms)
			AwakeInstancesAfterBackupRestoration (0ms)
Platform modules already initialized, skipping
Registering precompiled user dll's ...
Registered in 0.004670 seconds.
Begin MonoManager ReloadAssembly
Native extension for WindowsStandalone target not found
Native extension for WebGL target not found
Refreshing native plugins compatible for Editor in 0.49 ms, found 2 plugins.
Preloading 0 native plugins for Editor in 0.00 ms.
Mono: successfully reloaded assembly
- Completed reload, in  0.944 seconds
Domain Reload Profiling:
	ReloadAssembly (945ms)
		BeginReloadAssembly (142ms)
			ExecutionOrderSort (0ms)
			DisableScriptedObjects (5ms)
			BackupInstance (0ms)
			ReleaseScriptingObjects (0ms)
			CreateAndSetChildDomain (17ms)
		EndReloadAssembly (746ms)
			LoadAssemblies (88ms)
			RebuildTransferFunctionScriptingTraits (0ms)
			SetupTypeCache (249ms)
			ReleaseScriptCaches (0ms)
			RebuildScriptCaches (44ms)
			SetupLoadedEditorAssemblies (288ms)
				LogAssemblyErrors (0ms)
				InitializePlatformSupportModulesInManaged (6ms)
				SetLoadedEditorAssemblies (0ms)
				RefreshPlugins (1ms)
				BeforeProcessingInitializeOnLoad (78ms)
				ProcessInitializeOnLoadAttributes (188ms)
				ProcessInitializeOnLoadMethodAttributes (8ms)
				AfterProcessingInitializeOnLoad (7ms)
				EditorAssembliesLoaded (0ms)
			ExecutionOrderSort2 (0ms)
			AwakeInstancesAfterBackupRestoration (6ms)
Platform modules already initialized, skipping
========================================================================
Worker process is ready to serve import requests
Launched and connected shader compiler UnityShaderCompiler.exe after 0.04 seconds
Refreshing native plugins compatible for Editor in 0.51 ms, found 2 plugins.
Preloading 0 native plugins for Editor in 0.00 ms.
Unloading 1561 Unused Serialized files (Serialized files now loaded: 0)
System memory in use before: 71.5 MB.
System memory in use after: 71.5 MB.

Unloading 19 unused Assets to reduce memory usage. Loaded Objects now: 1995.
Total: 2.445800 ms (FindLiveObjects: 0.136300 ms CreateObjectMapping: 0.053000 ms MarkObjects: 2.184600 ms  DeleteObjects: 0.071300 ms)

AssetImportParameters requested are different than current active one (requested -> active):
  custom:framework-win-MediaFoundation: 216162199b28c13a410421893ffa2e32 -> 
  custom:video-decoder-ogg-theora: a1e56fd34408186e4bbccfd4996cb3dc -> 
  custom:container-muxer-webm: aa71ff27fc2769a1b78a27578f13a17b -> 
  custom:container-demuxer-webm: 4f35f7cbe854078d1ac9338744f61a02 -> 
  custom:container-demuxer-ogg: 62fdf1f143b41e24485cea50d1cbac27 -> 
  custom:video-encoder-webm-vp8: eb34c28f22e8b96e1ab97ce403110664 -> 
  custom:video-decoder-webm-vp8: 9c59270c3fd7afecdb556c50c9e8de78 -> 
  custom:audio-decoder-ogg-vorbis: bf7c407c2cedff20999df2af8eb42d56 -> 
  custom:audio-encoder-webm-vorbis: bf7c407c2cedff20999df2af8eb42d56 -> 
========================================================================
Received Import Request.
  path: Assets/Materials
  artifactKey: Guid(1c9af39b6486f164683ba34ff25fedff) Importer(815301076,1909f56bfc062723c751e8b465ee728b)
Start importing Assets/Materials using Guid(1c9af39b6486f164683ba34ff25fedff) Importer(815301076,1909f56bfc062723c751e8b465ee728b)  -> (artifact id: 'b9924762fdc39b5030e8c199c8e12388') in 0.007340 seconds 
  Import took 0.009908 seconds .

========================================================================
Received Prepare
Registering precompiled user dll's ...
Registered in 0.009724 seconds.
Begin MonoManager ReloadAssembly
Native extension for WindowsStandalone target not found
Native extension for WebGL target not found
Refreshing native plugins compatible for Editor in 0.61 ms, found 2 plugins.
Preloading 0 native plugins for Editor in 0.00 ms.
Mono: successfully reloaded assembly
- Completed reload, in  1.964 seconds
Domain Reload Profiling:
	ReloadAssembly (1965ms)
		BeginReloadAssembly (246ms)
			ExecutionOrderSort (0ms)
			DisableScriptedObjects (11ms)
			BackupInstance (0ms)
			ReleaseScriptingObjects (0ms)
			CreateAndSetChildDomain (66ms)
		EndReloadAssembly (1595ms)
			LoadAssemblies (206ms)
			RebuildTransferFunctionScriptingTraits (0ms)
			SetupTypeCache (507ms)
			ReleaseScriptCaches (2ms)
			RebuildScriptCaches (81ms)
			SetupLoadedEditorAssemblies (682ms)
				LogAssemblyErrors (0ms)
				InitializePlatformSupportModulesInManaged (14ms)
				SetLoadedEditorAssemblies (1ms)
				RefreshPlugins (1ms)
				BeforeProcessingInitializeOnLoad (163ms)
				ProcessInitializeOnLoadAttributes (469ms)
				ProcessInitializeOnLoadMethodAttributes (19ms)
				AfterProcessingInitializeOnLoad (15ms)
				EditorAssembliesLoaded (1ms)
			ExecutionOrderSort2 (0ms)
			AwakeInstancesAfterBackupRestoration (14ms)
Platform modules already initialized, skipping
Refreshing native plugins compatible for Editor in 0.64 ms, found 2 plugins.
Preloading 0 native plugins for Editor in 0.00 ms.
Unloading 1555 Unused Serialized files (Serialized files now loaded: 0)
System memory in use before: 71.3 MB.
System memory in use after: 71.4 MB.

Unloading 14 unused Assets to reduce memory usage. Loaded Objects now: 1997.
Total: 3.103200 ms (FindLiveObjects: 0.160100 ms CreateObjectMapping: 0.073300 ms MarkObjects: 2.823300 ms  DeleteObjects: 0.044800 ms)

AssetImportParameters requested are different than current active one (requested -> active):
  custom:framework-win-MediaFoundation: 216162199b28c13a410421893ffa2e32 -> 
  custom:video-decoder-ogg-theora: a1e56fd34408186e4bbccfd4996cb3dc -> 
  custom:container-muxer-webm: aa71ff27fc2769a1b78a27578f13a17b -> 
  custom:container-demuxer-webm: 4f35f7cbe854078d1ac9338744f61a02 -> 
  custom:container-demuxer-ogg: 62fdf1f143b41e24485cea50d1cbac27 -> 
  custom:video-encoder-webm-vp8: eb34c28f22e8b96e1ab97ce403110664 -> 
  custom:video-decoder-webm-vp8: 9c59270c3fd7afecdb556c50c9e8de78 -> 
  custom:audio-decoder-ogg-vorbis: bf7c407c2cedff20999df2af8eb42d56 -> 
  custom:audio-encoder-webm-vorbis: bf7c407c2cedff20999df2af8eb42d56 -> 
========================================================================
Received Import Request.
  Time since last request: 599.318410 seconds.
  path: Assets/Efects
  artifactKey: Guid(13af1e48688c3884db6f4896041c0780) Importer(815301076,1909f56bfc062723c751e8b465ee728b)
Start importing Assets/Efects using Guid(13af1e48688c3884db6f4896041c0780) Importer(815301076,1909f56bfc062723c751e8b465ee728b)  -> (artifact id: 'b4f86f1a34237527638585db470e0d20') in 0.017430 seconds 
  Import took 0.021350 seconds .

========================================================================
Received Import Request.
  Time since last request: 2.868246 seconds.
  path: Assets/Efects/UfoBreakEfect.prefab
  artifactKey: Guid(8ce78f62a2ce21a43bb7ce7d20977241) Importer(815301076,1909f56bfc062723c751e8b465ee728b)
Start importing Assets/Efects/UfoBreakEfect.prefab using Guid(8ce78f62a2ce21a43bb7ce7d20977241) Importer(815301076,1909f56bfc062723c751e8b465ee728b)  -> (artifact id: '4cc0e437dceee5e73a828cb21f12c6f3') in 0.178022 seconds 
  Import took 0.180712 seconds .

========================================================================
Received Import Request.
  Time since last request: 71.986344 seconds.
  path: Assets/Efects/UfoBreakEfect.prefab
  artifactKey: Guid(8ce78f62a2ce21a43bb7ce7d20977241) Importer(815301076,1909f56bfc062723c751e8b465ee728b)
Start importing Assets/Efects/UfoBreakEfect.prefab using Guid(8ce78f62a2ce21a43bb7ce7d20977241) Importer(815301076,1909f56bfc062723c751e8b465ee728b)  -> (artifact id: '93d18c7e379458e8aae2120d70cb7e14') in 0.014185 seconds 
  Import took 0.019977 seconds .

========================================================================
Received Import Request.
  Time since last request: 40.401642 seconds.
  path: Assets/Efects/UfoBreakEfect.prefab
  artifactKey: Guid(8ce78f62a2ce21a43bb7ce7d20977241) Importer(815301076,1909f56bfc062723c751e8b465ee728b)
Start importing Assets/Efects/UfoBreakEfect.prefab using Guid(8ce78f62a2ce21a43bb7ce7d20977241) Importer(815301076,1909f56bfc062723c751e8b465ee728b)  -> (artifact id: '6d07aa41720bc096610b4bce5c8ceb5e') in 0.010263 seconds 
  Import took 0.015516 seconds .

========================================================================
Received Import Request.
  Time since last request: 9.155962 seconds.
  path: Assets/Efects/UfoBreakEfect.prefab
  artifactKey: Guid(8ce78f62a2ce21a43bb7ce7d20977241) Importer(815301076,1909f56bfc062723c751e8b465ee728b)
Start importing Assets/Efects/UfoBreakEfect.prefab using Guid(8ce78f62a2ce21a43bb7ce7d20977241) Importer(815301076,1909f56bfc062723c751e8b465ee728b)  -> (artifact id: '0597c86071d2d63f8a1c2f829559e5aa') in 0.011098 seconds 
  Import took 0.014280 seconds .

========================================================================
Received Import Request.
  Time since last request: 19.859491 seconds.
  path: Assets/Efects/UfoBreakEfect.prefab
  artifactKey: Guid(8ce78f62a2ce21a43bb7ce7d20977241) Importer(815301076,1909f56bfc062723c751e8b465ee728b)
Start importing Assets/Efects/UfoBreakEfect.prefab using Guid(8ce78f62a2ce21a43bb7ce7d20977241) Importer(815301076,1909f56bfc062723c751e8b465ee728b)  -> (artifact id: '32532097870ce1699f6369006026d9bc') in 0.016396 seconds 
  Import took 0.022344 seconds .

========================================================================
Received Import Request.
  Time since last request: 7.638339 seconds.
  path: Assets/Efects/UfoBreakEfect.prefab
  artifactKey: Guid(8ce78f62a2ce21a43bb7ce7d20977241) Importer(815301076,1909f56bfc062723c751e8b465ee728b)
Start importing Assets/Efects/UfoBreakEfect.prefab using Guid(8ce78f62a2ce21a43bb7ce7d20977241) Importer(815301076,1909f56bfc062723c751e8b465ee728b)  -> (artifact id: '9cce09c3b61587641a4ca8c44a15d924') in 0.015077 seconds 
  Import took 0.019100 seconds .

========================================================================
Received Import Request.
  Time since last request: 21.357561 seconds.
  path: Assets/Efects/UfoBreakEfect.prefab
  artifactKey: Guid(8ce78f62a2ce21a43bb7ce7d20977241) Importer(815301076,1909f56bfc062723c751e8b465ee728b)
Start importing Assets/Efects/UfoBreakEfect.prefab using Guid(8ce78f62a2ce21a43bb7ce7d20977241) Importer(815301076,1909f56bfc062723c751e8b465ee728b)  -> (artifact id: '191d9cd5a063ef3607cda3c14ab224dd') in 0.017972 seconds 
  Import took 0.022095 seconds .

========================================================================
Received Import Request.
  Time since last request: 8.077958 seconds.
  path: Assets/Efects/UfoBreakEfect.prefab
  artifactKey: Guid(8ce78f62a2ce21a43bb7ce7d20977241) Importer(815301076,1909f56bfc062723c751e8b465ee728b)
Start importing Assets/Efects/UfoBreakEfect.prefab using Guid(8ce78f62a2ce21a43bb7ce7d20977241) Importer(815301076,1909f56bfc062723c751e8b465ee728b)  -> (artifact id: '23db2c4a4cfa84d4e6b108f4106a27e4') in 0.014417 seconds 
  Import took 0.017712 seconds .

========================================================================
Received Import Request.
  Time since last request: 13.579687 seconds.
  path: Assets/Efects/UfoBreakEfect.prefab
  artifactKey: Guid(8ce78f62a2ce21a43bb7ce7d20977241) Importer(815301076,1909f56bfc062723c751e8b465ee728b)
Start importing Assets/Efects/UfoBreakEfect.prefab using Guid(8ce78f62a2ce21a43bb7ce7d20977241) Importer(815301076,1909f56bfc062723c751e8b465ee728b)  -> (artifact id: '5dcde33cebdf01c340e833314fdb26ee') in 0.010135 seconds 
  Import took 0.013729 seconds .

========================================================================
Received Import Request.
  Time since last request: 214.821568 seconds.
  path: Assets/Models/Enemies/EnemyUfoGreen.fbx
  artifactKey: Guid(ca135abccb4793e4e92fd060baeffc4f) Importer(815301076,1909f56bfc062723c751e8b465ee728b)
Start importing Assets/Models/Enemies/EnemyUfoGreen.fbx using Guid(ca135abccb4793e4e92fd060baeffc4f) Importer(815301076,1909f56bfc062723c751e8b465ee728b)  -> (artifact id: 'b4f05552b71fe6fad89b8752cfba57fc') in 0.216059 seconds 
  Import took 0.221904 seconds .

========================================================================
Received Prepare
Registering precompiled user dll's ...
Registered in 0.006101 seconds.
Begin MonoManager ReloadAssembly
Native extension for WindowsStandalone target not found
Native extension for WebGL target not found
Refreshing native plugins compatible for Editor in 0.49 ms, found 2 plugins.
Preloading 0 native plugins for Editor in 0.00 ms.
Mono: successfully reloaded assembly
- Completed reload, in  0.929 seconds
Domain Reload Profiling:
	ReloadAssembly (929ms)
		BeginReloadAssembly (111ms)
			ExecutionOrderSort (0ms)
			DisableScriptedObjects (4ms)
			BackupInstance (0ms)
			ReleaseScriptingObjects (0ms)
			CreateAndSetChildDomain (31ms)
		EndReloadAssembly (761ms)
			LoadAssemblies (94ms)
			RebuildTransferFunctionScriptingTraits (0ms)
			SetupTypeCache (261ms)
			ReleaseScriptCaches (1ms)
			RebuildScriptCaches (42ms)
			SetupLoadedEditorAssemblies (277ms)
				LogAssemblyErrors (0ms)
				InitializePlatformSupportModulesInManaged (6ms)
				SetLoadedEditorAssemblies (1ms)
				RefreshPlugins (1ms)
				BeforeProcessingInitializeOnLoad (75ms)
				ProcessInitializeOnLoadAttributes (181ms)
				ProcessInitializeOnLoadMethodAttributes (8ms)
				AfterProcessingInitializeOnLoad (7ms)
				EditorAssembliesLoaded (0ms)
			ExecutionOrderSort2 (0ms)
			AwakeInstancesAfterBackupRestoration (7ms)
Platform modules already initialized, skipping
Refreshing native plugins compatible for Editor in 0.59 ms, found 2 plugins.
Preloading 0 native plugins for Editor in 0.00 ms.
Unloading 1555 Unused Serialized files (Serialized files now loaded: 0)
System memory in use before: 74.8 MB.
System memory in use after: 74.9 MB.

Unloading 14 unused Assets to reduce memory usage. Loaded Objects now: 2043.
Total: 2.298400 ms (FindLiveObjects: 0.131500 ms CreateObjectMapping: 0.050200 ms MarkObjects: 2.094900 ms  DeleteObjects: 0.021100 ms)

AssetImportParameters requested are different than current active one (requested -> active):
  custom:framework-win-MediaFoundation: 216162199b28c13a410421893ffa2e32 -> 
  custom:video-decoder-ogg-theora: a1e56fd34408186e4bbccfd4996cb3dc -> 
  custom:container-muxer-webm: aa71ff27fc2769a1b78a27578f13a17b -> 
  custom:container-demuxer-webm: 4f35f7cbe854078d1ac9338744f61a02 -> 
  custom:container-demuxer-ogg: 62fdf1f143b41e24485cea50d1cbac27 -> 
  custom:video-encoder-webm-vp8: eb34c28f22e8b96e1ab97ce403110664 -> 
  custom:video-decoder-webm-vp8: 9c59270c3fd7afecdb556c50c9e8de78 -> 
  custom:audio-decoder-ogg-vorbis: bf7c407c2cedff20999df2af8eb42d56 -> 
  custom:audio-encoder-webm-vorbis: bf7c407c2cedff20999df2af8eb42d56 -> 
========================================================================
Received Import Request.
  Time since last request: 512.516625 seconds.
  path: Assets/Efects/UfoBreakEfect.prefab
  artifactKey: Guid(8ce78f62a2ce21a43bb7ce7d20977241) Importer(815301076,1909f56bfc062723c751e8b465ee728b)
Start importing Assets/Efects/UfoBreakEfect.prefab using Guid(8ce78f62a2ce21a43bb7ce7d20977241) Importer(815301076,1909f56bfc062723c751e8b465ee728b)  -> (artifact id: '31b314097b9f89f2e9b3f8dbb327c5e0') in 0.074419 seconds 
  Import took 0.077008 seconds .

========================================================================
Received Import Request.
  Time since last request: 48.156903 seconds.
  path: Assets/Efects/UfoBreakEfect.prefab
  artifactKey: Guid(8ce78f62a2ce21a43bb7ce7d20977241) Importer(815301076,1909f56bfc062723c751e8b465ee728b)
Start importing Assets/Efects/UfoBreakEfect.prefab using Guid(8ce78f62a2ce21a43bb7ce7d20977241) Importer(815301076,1909f56bfc062723c751e8b465ee728b)  -> (artifact id: '2ffb2d7b4f8865f1c04ae8b90f6ffcb0') in 0.019263 seconds 
  Import took 0.021927 seconds .

========================================================================
Received Import Request.
  Time since last request: 25.409317 seconds.
  path: Assets/Efects/UfoBreakEfect.prefab
  artifactKey: Guid(8ce78f62a2ce21a43bb7ce7d20977241) Importer(815301076,1909f56bfc062723c751e8b465ee728b)
Start importing Assets/Efects/UfoBreakEfect.prefab using Guid(8ce78f62a2ce21a43bb7ce7d20977241) Importer(815301076,1909f56bfc062723c751e8b465ee728b)  -> (artifact id: '11955a93b88cd0913f09a47eb2bb7a0b') in 0.019923 seconds 
  Import took 0.022824 seconds .

========================================================================
Received Import Request.
  Time since last request: 83.132856 seconds.
  path: Assets/Efects/UfoBreakEfect.prefab
  artifactKey: Guid(8ce78f62a2ce21a43bb7ce7d20977241) Importer(815301076,1909f56bfc062723c751e8b465ee728b)
Start importing Assets/Efects/UfoBreakEfect.prefab using Guid(8ce78f62a2ce21a43bb7ce7d20977241) Importer(815301076,1909f56bfc062723c751e8b465ee728b)  -> (artifact id: 'ed756c621832c1737ddfb2e26e5693a9') in 0.018354 seconds 
  Import took 0.021840 seconds .

========================================================================
Received Import Request.
  Time since last request: 5.678243 seconds.
  path: Assets/Efects/UfoBreakEfect.prefab
  artifactKey: Guid(8ce78f62a2ce21a43bb7ce7d20977241) Importer(815301076,1909f56bfc062723c751e8b465ee728b)
Start importing Assets/Efects/UfoBreakEfect.prefab using Guid(8ce78f62a2ce21a43bb7ce7d20977241) Importer(815301076,1909f56bfc062723c751e8b465ee728b)  -> (artifact id: '03f15f6f4b04c94e20dabd33bfd52235') in 0.011071 seconds 
  Import took 0.013915 seconds .

========================================================================
Received Prepare
Registering precompiled user dll's ...
Registered in 0.006049 seconds.
Begin MonoManager ReloadAssembly
Native extension for WindowsStandalone target not found
Native extension for WebGL target not found
Refreshing native plugins compatible for Editor in 0.49 ms, found 2 plugins.
Preloading 0 native plugins for Editor in 0.00 ms.
Mono: successfully reloaded assembly
- Completed reload, in  0.919 seconds
Domain Reload Profiling:
	ReloadAssembly (919ms)
		BeginReloadAssembly (113ms)
			ExecutionOrderSort (0ms)
			DisableScriptedObjects (5ms)
			BackupInstance (0ms)
			ReleaseScriptingObjects (0ms)
			CreateAndSetChildDomain (31ms)
		EndReloadAssembly (749ms)
			LoadAssemblies (95ms)
			RebuildTransferFunctionScriptingTraits (0ms)
			SetupTypeCache (251ms)
			ReleaseScriptCaches (1ms)
			RebuildScriptCaches (41ms)
			SetupLoadedEditorAssemblies (286ms)
				LogAssemblyErrors (0ms)
				InitializePlatformSupportModulesInManaged (5ms)
				SetLoadedEditorAssemblies (1ms)
				RefreshPlugins (1ms)
				BeforeProcessingInitializeOnLoad (76ms)
				ProcessInitializeOnLoadAttributes (187ms)
				ProcessInitializeOnLoadMethodAttributes (9ms)
				AfterProcessingInitializeOnLoad (7ms)
				EditorAssembliesLoaded (0ms)
			ExecutionOrderSort2 (0ms)
			AwakeInstancesAfterBackupRestoration (7ms)
Platform modules already initialized, skipping
Refreshing native plugins compatible for Editor in 0.55 ms, found 2 plugins.
Preloading 0 native plugins for Editor in 0.00 ms.
Unloading 1555 Unused Serialized files (Serialized files now loaded: 0)
System memory in use before: 74.8 MB.
System memory in use after: 74.9 MB.

Unloading 14 unused Assets to reduce memory usage. Loaded Objects now: 2046.
Total: 2.667900 ms (FindLiveObjects: 0.138900 ms CreateObjectMapping: 0.051200 ms MarkObjects: 2.453900 ms  DeleteObjects: 0.022800 ms)

AssetImportParameters requested are different than current active one (requested -> active):
  custom:framework-win-MediaFoundation: 216162199b28c13a410421893ffa2e32 -> 
  custom:video-decoder-ogg-theora: a1e56fd34408186e4bbccfd4996cb3dc -> 
  custom:container-muxer-webm: aa71ff27fc2769a1b78a27578f13a17b -> 
  custom:container-demuxer-webm: 4f35f7cbe854078d1ac9338744f61a02 -> 
  custom:container-demuxer-ogg: 62fdf1f143b41e24485cea50d1cbac27 -> 
  custom:video-encoder-webm-vp8: eb34c28f22e8b96e1ab97ce403110664 -> 
  custom:video-decoder-webm-vp8: 9c59270c3fd7afecdb556c50c9e8de78 -> 
  custom:audio-decoder-ogg-vorbis: bf7c407c2cedff20999df2af8eb42d56 -> 
  custom:audio-encoder-webm-vorbis: bf7c407c2cedff20999df2af8eb42d56 -> 
========================================================================
Received Import Request.
  Time since last request: 374.979118 seconds.
  path: Assets/Efects/UfoBreakEfect.prefab
  artifactKey: Guid(8ce78f62a2ce21a43bb7ce7d20977241) Importer(815301076,1909f56bfc062723c751e8b465ee728b)
Start importing Assets/Efects/UfoBreakEfect.prefab using Guid(8ce78f62a2ce21a43bb7ce7d20977241) Importer(815301076,1909f56bfc062723c751e8b465ee728b)  -> (artifact id: 'cfccf422f2384275b731161471c0d74b') in 0.078271 seconds 
  Import took 0.081006 seconds .

========================================================================
Received Prepare
Registering precompiled user dll's ...
Registered in 0.012804 seconds.
Begin MonoManager ReloadAssembly
Native extension for WindowsStandalone target not found
Native extension for WebGL target not found
Refreshing native plugins compatible for Editor in 0.74 ms, found 2 plugins.
Preloading 0 native plugins for Editor in 0.00 ms.
Mono: successfully reloaded assembly
- Completed reload, in  1.780 seconds
Domain Reload Profiling:
	ReloadAssembly (1788ms)
		BeginReloadAssembly (400ms)
			ExecutionOrderSort (0ms)
			DisableScriptedObjects (37ms)
			BackupInstance (0ms)
			ReleaseScriptingObjects (0ms)
			CreateAndSetChildDomain (169ms)
		EndReloadAssembly (1277ms)
			LoadAssemblies (206ms)
			RebuildTransferFunctionScriptingTraits (0ms)
			SetupTypeCache (447ms)
			ReleaseScriptCaches (1ms)
			RebuildScriptCaches (67ms)
			SetupLoadedEditorAssemblies (477ms)
				LogAssemblyErrors (0ms)
				InitializePlatformSupportModulesInManaged (10ms)
				SetLoadedEditorAssemblies (1ms)
				RefreshPlugins (1ms)
				BeforeProcessingInitializeOnLoad (126ms)
				ProcessInitializeOnLoadAttributes (315ms)
				ProcessInitializeOnLoadMethodAttributes (14ms)
				AfterProcessingInitializeOnLoad (10ms)
				EditorAssembliesLoaded (1ms)
			ExecutionOrderSort2 (0ms)
			AwakeInstancesAfterBackupRestoration (10ms)
Platform modules already initialized, skipping
Refreshing native plugins compatible for Editor in 0.71 ms, found 2 plugins.
Preloading 0 native plugins for Editor in 0.00 ms.
Unloading 1555 Unused Serialized files (Serialized files now loaded: 0)
System memory in use before: 74.8 MB.
System memory in use after: 74.9 MB.

Unloading 14 unused Assets to reduce memory usage. Loaded Objects now: 2049.
Total: 5.232500 ms (FindLiveObjects: 0.568800 ms CreateObjectMapping: 0.270300 ms MarkObjects: 4.352600 ms  DeleteObjects: 0.039400 ms)

AssetImportParameters requested are different than current active one (requested -> active):
  custom:framework-win-MediaFoundation: 216162199b28c13a410421893ffa2e32 -> 
  custom:video-decoder-ogg-theora: a1e56fd34408186e4bbccfd4996cb3dc -> 
  custom:container-muxer-webm: aa71ff27fc2769a1b78a27578f13a17b -> 
  custom:container-demuxer-webm: 4f35f7cbe854078d1ac9338744f61a02 -> 
  custom:container-demuxer-ogg: 62fdf1f143b41e24485cea50d1cbac27 -> 
  custom:video-encoder-webm-vp8: eb34c28f22e8b96e1ab97ce403110664 -> 
  custom:video-decoder-webm-vp8: 9c59270c3fd7afecdb556c50c9e8de78 -> 
  custom:audio-decoder-ogg-vorbis: bf7c407c2cedff20999df2af8eb42d56 -> 
  custom:audio-encoder-webm-vorbis: bf7c407c2cedff20999df2af8eb42d56 -> 
========================================================================
Received Import Request.
  Time since last request: 4617.189527 seconds.
  path: Assets/Efects/UfoBreakEfect 1.prefab
  artifactKey: Guid(871da3090b9adf04095346cf897d3680) Importer(815301076,1909f56bfc062723c751e8b465ee728b)
Start importing Assets/Efects/UfoBreakEfect 1.prefab using Guid(871da3090b9adf04095346cf897d3680) Importer(815301076,1909f56bfc062723c751e8b465ee728b)  -> (artifact id: 'd4806b5479262a29da85422f7e5aff73') in 0.127824 seconds 
  Import took 0.131493 seconds .

========================================================================
Received Prepare
Registering precompiled user dll's ...
Registered in 0.015444 seconds.
Begin MonoManager ReloadAssembly
Native extension for WindowsStandalone target not found
Native extension for WebGL target not found
Refreshing native plugins compatible for Editor in 0.51 ms, found 2 plugins.
Preloading 0 native plugins for Editor in 0.00 ms.
Mono: successfully reloaded assembly
- Completed reload, in  1.204 seconds
Domain Reload Profiling:
	ReloadAssembly (1207ms)
		BeginReloadAssembly (292ms)
			ExecutionOrderSort (0ms)
			DisableScriptedObjects (17ms)
			BackupInstance (0ms)
			ReleaseScriptingObjects (0ms)
			CreateAndSetChildDomain (121ms)
		EndReloadAssembly (848ms)
			LoadAssemblies (191ms)
			RebuildTransferFunctionScriptingTraits (0ms)
			SetupTypeCache (267ms)
			ReleaseScriptCaches (1ms)
			RebuildScriptCaches (44ms)
			SetupLoadedEditorAssemblies (315ms)
				LogAssemblyErrors (0ms)
				InitializePlatformSupportModulesInManaged (6ms)
				SetLoadedEditorAssemblies (1ms)
				RefreshPlugins (1ms)
				BeforeProcessingInitializeOnLoad (76ms)
				ProcessInitializeOnLoadAttributes (182ms)
				ProcessInitializeOnLoadMethodAttributes (38ms)
				AfterProcessingInitializeOnLoad (12ms)
				EditorAssembliesLoaded (0ms)
			ExecutionOrderSort2 (0ms)
			AwakeInstancesAfterBackupRestoration (10ms)
Platform modules already initialized, skipping
Refreshing native plugins compatible for Editor in 0.56 ms, found 2 plugins.
Preloading 0 native plugins for Editor in 0.00 ms.
Unloading 1555 Unused Serialized files (Serialized files now loaded: 0)
System memory in use before: 74.8 MB.
System memory in use after: 75.0 MB.

Unloading 14 unused Assets to reduce memory usage. Loaded Objects now: 2052.
Total: 2.530300 ms (FindLiveObjects: 0.121100 ms CreateObjectMapping: 0.043600 ms MarkObjects: 2.328000 ms  DeleteObjects: 0.036600 ms)

AssetImportParameters requested are different than current active one (requested -> active):
  custom:framework-win-MediaFoundation: 216162199b28c13a410421893ffa2e32 -> 
  custom:video-decoder-ogg-theora: a1e56fd34408186e4bbccfd4996cb3dc -> 
  custom:container-muxer-webm: aa71ff27fc2769a1b78a27578f13a17b -> 
  custom:container-demuxer-webm: 4f35f7cbe854078d1ac9338744f61a02 -> 
  custom:container-demuxer-ogg: 62fdf1f143b41e24485cea50d1cbac27 -> 
  custom:video-encoder-webm-vp8: eb34c28f22e8b96e1ab97ce403110664 -> 
  custom:video-decoder-webm-vp8: 9c59270c3fd7afecdb556c50c9e8de78 -> 
  custom:audio-decoder-ogg-vorbis: bf7c407c2cedff20999df2af8eb42d56 -> 
  custom:audio-encoder-webm-vorbis: bf7c407c2cedff20999df2af8eb42d56 -> 
========================================================================
Received Prepare
Registering precompiled user dll's ...
Registered in 0.008691 seconds.
Begin MonoManager ReloadAssembly
Native extension for WindowsStandalone target not found
Native extension for WebGL target not found
Refreshing native plugins compatible for Editor in 1.88 ms, found 2 plugins.
Preloading 0 native plugins for Editor in 0.00 ms.
Mono: successfully reloaded assembly
- Completed reload, in  5.237 seconds
Domain Reload Profiling:
	ReloadAssembly (5244ms)
		BeginReloadAssembly (516ms)
			ExecutionOrderSort (0ms)
			DisableScriptedObjects (54ms)
			BackupInstance (0ms)
			ReleaseScriptingObjects (0ms)
			CreateAndSetChildDomain (206ms)
		EndReloadAssembly (4261ms)
			LoadAssemblies (438ms)
			RebuildTransferFunctionScriptingTraits (0ms)
			SetupTypeCache (2279ms)
			ReleaseScriptCaches (1ms)
			RebuildScriptCaches (142ms)
			SetupLoadedEditorAssemblies (1037ms)
				LogAssemblyErrors (0ms)
				InitializePlatformSupportModulesInManaged (27ms)
				SetLoadedEditorAssemblies (1ms)
				RefreshPlugins (3ms)
				BeforeProcessingInitializeOnLoad (347ms)
				ProcessInitializeOnLoadAttributes (640ms)
				ProcessInitializeOnLoadMethodAttributes (9ms)
				AfterProcessingInitializeOnLoad (10ms)
				EditorAssembliesLoaded (0ms)
			ExecutionOrderSort2 (0ms)
			AwakeInstancesAfterBackupRestoration (11ms)
Platform modules already initialized, skipping
Refreshing native plugins compatible for Editor in 0.49 ms, found 2 plugins.
Preloading 0 native plugins for Editor in 0.00 ms.
Unloading 1555 Unused Serialized files (Serialized files now loaded: 0)
System memory in use before: 74.9 MB.
System memory in use after: 75.0 MB.

Unloading 14 unused Assets to reduce memory usage. Loaded Objects now: 2054.
Total: 2.698900 ms (FindLiveObjects: 0.154900 ms CreateObjectMapping: 0.052700 ms MarkObjects: 2.339800 ms  DeleteObjects: 0.150700 ms)

AssetImportParameters requested are different than current active one (requested -> active):
  custom:framework-win-MediaFoundation: 216162199b28c13a410421893ffa2e32 -> 
  custom:video-decoder-ogg-theora: a1e56fd34408186e4bbccfd4996cb3dc -> 
  custom:container-muxer-webm: aa71ff27fc2769a1b78a27578f13a17b -> 
  custom:container-demuxer-webm: 4f35f7cbe854078d1ac9338744f61a02 -> 
  custom:container-demuxer-ogg: 62fdf1f143b41e24485cea50d1cbac27 -> 
  custom:video-encoder-webm-vp8: eb34c28f22e8b96e1ab97ce403110664 -> 
  custom:video-decoder-webm-vp8: 9c59270c3fd7afecdb556c50c9e8de78 -> 
  custom:audio-decoder-ogg-vorbis: bf7c407c2cedff20999df2af8eb42d56 -> 
  custom:audio-encoder-webm-vorbis: bf7c407c2cedff20999df2af8eb42d56 -> 
AssetImportWorkerClient::OnTransportError - code=2 error=End of file
